CRITICAL - 2023-11-23 18:49:04 --> syntax error, unexpected token "."
in APPPATH\Config\Routes.php on line 9.
 1 SYSTEMPATH\CodeIgniter.php(810): CodeIgniter\Router\RouteCollection->loadRoutes()
 2 SYSTEMPATH\CodeIgniter.php(450): CodeIgniter\CodeIgniter->tryToRouteIt(null)
 3 SYSTEMPATH\CodeIgniter.php(361): CodeIgniter\CodeIgniter->handleRequest(null, Object(Config\Cache), false)
 4 FCPATH\index.php(86): CodeIgniter\CodeIgniter->run()
CRITICAL - 2023-11-23 18:49:25 --> syntax error, unexpected token "."
in APPPATH\Config\Routes.php on line 9.
 1 SYSTEMPATH\CodeIgniter.php(810): CodeIgniter\Router\RouteCollection->loadRoutes()
 2 SYSTEMPATH\CodeIgniter.php(450): CodeIgniter\CodeIgniter->tryToRouteIt(null)
 3 SYSTEMPATH\CodeIgniter.php(361): CodeIgniter\CodeIgniter->handleRequest(null, Object(Config\Cache), false)
 4 FCPATH\index.php(86): CodeIgniter\CodeIgniter->run()
CRITICAL - 2023-11-23 18:51:15 --> syntax error, unexpected token "."
in APPPATH\Config\Routes.php on line 9.
 1 SYSTEMPATH\CodeIgniter.php(810): CodeIgniter\Router\RouteCollection->loadRoutes()
 2 SYSTEMPATH\CodeIgniter.php(450): CodeIgniter\CodeIgniter->tryToRouteIt(null)
 3 SYSTEMPATH\CodeIgniter.php(361): CodeIgniter\CodeIgniter->handleRequest(null, Object(Config\Cache), false)
 4 FCPATH\index.php(86): CodeIgniter\CodeIgniter->run()
CRITICAL - 2023-11-23 18:51:32 --> syntax error, unexpected token "."
in APPPATH\Config\Routes.php on line 9.
 1 SYSTEMPATH\CodeIgniter.php(810): CodeIgniter\Router\RouteCollection->loadRoutes()
 2 SYSTEMPATH\CodeIgniter.php(450): CodeIgniter\CodeIgniter->tryToRouteIt(null)
 3 SYSTEMPATH\CodeIgniter.php(361): CodeIgniter\CodeIgniter->handleRequest(null, Object(Config\Cache), false)
 4 FCPATH\index.php(86): CodeIgniter\CodeIgniter->run()
CRITICAL - 2023-11-23 18:58:37 --> Call to undefined method App\Controllers\MainController::repond()
in APPPATH\Controllers\MainController.php on line 26.
 1 SYSTEMPATH\CodeIgniter.php(942): App\Controllers\MainController->getUserVerify()
 2 SYSTEMPATH\CodeIgniter.php(502): CodeIgniter\CodeIgniter->runController(Object(App\Controllers\MainController))
 3 SYSTEMPATH\CodeIgniter.php(361): CodeIgniter\CodeIgniter->handleRequest(null, Object(Config\Cache), false)
 4 FCPATH\index.php(86): CodeIgniter\CodeIgniter->run()
CRITICAL - 2023-11-23 18:58:53 --> Call to undefined method App\Controllers\MainController::repond()
in APPPATH\Controllers\MainController.php on line 26.
 1 SYSTEMPATH\CodeIgniter.php(942): App\Controllers\MainController->getUserVerify()
 2 SYSTEMPATH\CodeIgniter.php(502): CodeIgniter\CodeIgniter->runController(Object(App\Controllers\MainController))
 3 SYSTEMPATH\CodeIgniter.php(361): CodeIgniter\CodeIgniter->handleRequest(null, Object(Config\Cache), false)
 4 FCPATH\index.php(86): CodeIgniter\CodeIgniter->run()
